<?xml version="1.0" encoding="UTF-8"?>
<testsuite name="com.bl.parkinglotsystem.ParkingLotSystemTest" tests="9" skipped="0" failures="0" errors="0" timestamp="2020-05-25T00:14:48" hostname="SWAPNIKA" time="0.02">
  <properties/>
  <testcase name="givenAVehicle_WhenParkingIsFull_ShouldReturnException" classname="com.bl.parkinglotsystem.ParkingLotSystemTest" time="0.005"/>
  <testcase name="givenParkingLot_WhenParkingLotIsFulll_ShouldInformedObserver" classname="com.bl.parkinglotsystem.ParkingLotSystemTest" time="0.004"/>
  <testcase name="givenParkingLot_WhenParkingSpaceAvailable_ShouldInformedAirportSecurity" classname="com.bl.parkinglotsystem.ParkingLotSystemTest" time="0.0"/>
  <testcase name="givenParkingLot_WhenParkingSpaceAvailable_ShouldInformedOwner" classname="com.bl.parkinglotsystem.ParkingLotSystemTest" time="0.001"/>
  <testcase name="givenAVehicle_WhenParked_ShouldReturnTrue" classname="com.bl.parkinglotsystem.ParkingLotSystemTest" time="0.001"/>
  <testcase name="givenAVehicle_WhenUnParked_ShouldReturn" classname="com.bl.parkinglotsystem.ParkingLotSystemTest" time="0.001"/>
  <testcase name="givenParkingLot_WhenParkingLotIsFulll_ShouldInformedAirportSecurity" classname="com.bl.parkinglotsystem.ParkingLotSystemTest" time="0.001"/>
  <testcase name="givenAVehicle_WhenUnParked_ShouldReturnTrue" classname="com.bl.parkinglotsystem.ParkingLotSystemTest" time="0.001"/>
  <testcase name="givenParkingLot_WhenParkingLotIsFull_ShouldInformedOwner" classname="com.bl.parkinglotsystem.ParkingLotSystemTest" time="0.0"/>
  <system-out><![CDATA[]]></system-out>
  <system-err><![CDATA[]]></system-err>
</testsuite>
