<?xml version="1.0" encoding="UTF-8"?>
<testsuite name="com.bl.parkinglotsystem.ParkingLotSystemTest" tests="1" skipped="0" failures="0" errors="0" timestamp="2020-05-25T10:11:03" hostname="SWAPNIKA" time="0.007">
  <properties/>
  <testcase name="givenAVehicle_WhenParkingSpaceAvailable_ShouldReturnEmptyParkingSlot" classname="com.bl.parkinglotsystem.ParkingLotSystemTest" time="0.007"/>
  <system-out><![CDATA[]]></system-out>
  <system-err><![CDATA[]]></system-err>
</testsuite>
