<?xml version="1.0" encoding="UTF-8"?>
<testsuite name="com.bl.parkinglotsystem.ParkingLotSystemTest" tests="1" skipped="0" failures="0" errors="0" timestamp="2020-05-25T00:08:20" hostname="SWAPNIKA" time="0.005">
  <properties/>
  <testcase name="givenParkingLot_WhenParkingSpaceAvailable_ShouldInformedOwner" classname="com.bl.parkinglotsystem.ParkingLotSystemTest" time="0.005"/>
  <system-out><![CDATA[]]></system-out>
  <system-err><![CDATA[]]></system-err>
</testsuite>
