<?xml version="1.0" encoding="UTF-8"?>
<testsuite name="com.bl.parkinglotsystem.ParkingLotSystemTest" tests="11" skipped="0" failures="0" errors="0" timestamp="2020-05-25T00:39:06" hostname="SWAPNIKA" time="0.101">
  <properties/>
  <testcase name="givenAVehicle_WhenUnParked_ShouldReturnException" classname="com.bl.parkinglotsystem.ParkingLotSystemTest" time="0.018"/>
  <testcase name="givenAVehicle_WhenParkingIsFull_ShouldReturnException" classname="com.bl.parkinglotsystem.ParkingLotSystemTest" time="0.002"/>
  <testcase name="givenParkingLot_WhenParkingLotIsFulll_ShouldInformedObserver" classname="com.bl.parkinglotsystem.ParkingLotSystemTest" time="0.004"/>
  <testcase name="givenAVehicle_WhenAlreadyParked_ShouldReturnException" classname="com.bl.parkinglotsystem.ParkingLotSystemTest" time="0.006"/>
  <testcase name="givenParkingLot_WhenParkingSpaceAvailable_ShouldInformedAirportSecurity" classname="com.bl.parkinglotsystem.ParkingLotSystemTest" time="0.003"/>
  <testcase name="givenParkingLot_WhenParkingSpaceAvailable_ShouldInformedOwner" classname="com.bl.parkinglotsystem.ParkingLotSystemTest" time="0.002"/>
  <testcase name="givenAVehicle_WhenParked_ShouldReturnTrue" classname="com.bl.parkinglotsystem.ParkingLotSystemTest" time="0.008"/>
  <testcase name="givenParkingLot_WhenParkingLotIsFulll_ShouldInformedAirportSecurity" classname="com.bl.parkinglotsystem.ParkingLotSystemTest" time="0.002"/>
  <testcase name="givenAVehicle_WhenUnParked_ShouldReturnTrue" classname="com.bl.parkinglotsystem.ParkingLotSystemTest" time="0.004"/>
  <testcase name="givenParkingLot_WhenParkingSpaceAvailable_ShouldInformedObserver" classname="com.bl.parkinglotsystem.ParkingLotSystemTest" time="0.003"/>
  <testcase name="givenParkingLot_WhenParkingLotIsFull_ShouldInformedOwner" classname="com.bl.parkinglotsystem.ParkingLotSystemTest" time="0.003"/>
  <system-out><![CDATA[]]></system-out>
  <system-err><![CDATA[]]></system-err>
</testsuite>
